30000
30000
Lkmer 7 Ciclo 0
30000
30000
Lkmer 7 Ciclo 0
0 0.3447204968944099378881987578
Generación 0 Fitness Promedio 0.2722285704899618117015217009
0 0.3478260869565217391304347826
Generación 0 Fitness Promedio 0.2721240121392590243001197169
44994
Lkmer 7 Ciclo 1
44994
Lkmer 7 Ciclo 1
0.3447204968944099378881987578 0.3540372670807453416149068323
Generación 1 Fitness Promedio 0.2794104623342160472672278403
0.3478260869565217391304347826 0.3571428571428571428571428571
Generación 1 Fitness Promedio 0.2793930399594736040965591336
52492
Lkmer 7 Ciclo 2
52492
Lkmer 7 Ciclo 2
0.3540372670807453416149068323 0.3509316770186335403726708075
Generación 2 Fitness Promedio 0.2850088199100102486211347518
0.3571428571428571428571428571 0.3571428571428571428571428571
Generación 2 Fitness Promedio 0.2849178241251359898323251038
56240
Lkmer 7 Ciclo 3
56240
Lkmer 7 Ciclo 3
Mutando 11273
0.3540372670807453416149068323 0.3540372670807453416149068323
Generación 3 Fitness Promedio 0.2896170797327392305194401481
0.3571428571428571428571428571 0.3726708074534161490683229814
Generación 3 Fitness Promedio 0.2890965914200677059618552227
58114
Lkmer 7 Ciclo 4
58114
Lkmer 7 Ciclo 4
Mutando 7297
0.3540372670807453416149068323 0.3819875776397515527950310559
Generación 4 Fitness Promedio 0.2937802586060875150025993631
0.3726708074534161490683229814 0.3726708074534161490683229814
Generación 4 Fitness Promedio 0.2931879112978837519459400149
59052
Lkmer 7 Ciclo 5
59052
Lkmer 7 Ciclo 5
Mutando 50372
0.3726708074534161490683229814 0.3757763975155279503105590062
Generación 5 Fitness Promedio 0.2972686125536595949400027329
0.3819875776397515527950310559 0.3633540372670807453416149068
Generación 5 Fitness Promedio 0.2952860529426554304143981986
59520
Lkmer 7 Ciclo 6
59520
Lkmer 7 Ciclo 6
30000
30000
Lkmer 7 Ciclo 0
0 0.3478260869565217391304347826
Generación 0 Fitness Promedio 0.2722093496974398801561154555
44994
Lkmer 7 Ciclo 1
30000
30000
Lkmer 6 Ciclo 0
0 0.3703703703703703703703703704
Generación 0 Fitness Promedio 0.2782009606081519589747643214
44994
Lkmer 6 Ciclo 1
0.3703703703703703703703703704 0.3703703703703703703703703704
Generación 1 Fitness Promedio 0.2862953685271788728275476405
52492
Lkmer 6 Ciclo 2
30000
30000
Lkmer 7 Ciclo 0
0.3703703703703703703703703704 0.3703703703703703703703703704
Generación 2 Fitness Promedio 0.2924641191253926721394652897
0 0.3478260869565217391304347826
Generación 0 Fitness Promedio 0.2723326802404800656916305417
56240
Lkmer 6 Ciclo 3
44994
Lkmer 7 Ciclo 1
0.3703703703703703703703703704 0.3666666666666666666666666667
Generación 3 Fitness Promedio 0.2975746551028087888123849758
0.3478260869565217391304347826 0.3478260869565217391304347826
Generación 1 Fitness Promedio 0.2794579375658996148205780125
58114
Lkmer 6 Ciclo 4
52492
Lkmer 7 Ciclo 2
0.3703703703703703703703703704 0.3814814814814814814814814815
Generación 4 Fitness Promedio 0.3021884937489749911962914861
0.3478260869565217391304347826 0.3540372670807453416149068323
Generación 2 Fitness Promedio 0.2850000957995672068197804276
59052
Lkmer 6 Ciclo 5
56240
Lkmer 7 Ciclo 3
Mutando 8583
0.3814814814814814814814814815 0.3814814814814814814814814815
Generación 5 Fitness Promedio 0.3063720105291223066256875187
0.3540372670807453416149068323 0.3602484472049689440993788820
Generación 3 Fitness Promedio 0.2893350739763484938167396278
59520
Lkmer 6 Ciclo 6
58114
Lkmer 7 Ciclo 4
Mutando 12156
0.3814814814814814814814814815 0.3851851851851851851851851852
Generación 6 Fitness Promedio 0.3102956064827597747600758657
0.3602484472049689440993788820 0.3602484472049689440993788820
Generación 4 Fitness Promedio 0.2931527564527546489981970420
59754
Lkmer 6 Ciclo 7
59052
Lkmer 7 Ciclo 5
0.3851851851851851851851851852 0.4074074074074074074074074074
Generación 7 Fitness Promedio 0.3141423082525870811563622595
0.3602484472049689440993788820 0.3602484472049689440993788820
Generación 5 Fitness Promedio 0.2971420922821643095027051017
59872
Lkmer 6 Ciclo 8
59520
Lkmer 7 Ciclo 6
0.4074074074074074074074074074 0.3925925925925925925925925926
Generación 8 Fitness Promedio 0.3179324775225299964807258512
0.3602484472049689440993788820 0.3695652173913043478260869565
Generación 6 Fitness Promedio 0.3008630181615578271902582742
59930
Lkmer 6 Ciclo 9
59754
Lkmer 7 Ciclo 7
Mutando 2978
0.4074074074074074074074074074 0.3962962962962962962962962963
Generación 9 Fitness Promedio 0.3216746977868326688859177600
0.3695652173913043478260869565 0.3788819875776397515527950311
Generación 7 Fitness Promedio 0.3041064608648867725582340026
59960
Lkmer 6 Ciclo 10
59872
Lkmer 7 Ciclo 8
0.4074074074074074074074074074 0.4074074074074074074074074074
Generación 10 Fitness Promedio 0.3255687917800174692227676098
0.3788819875776397515527950311 0.3850931677018633540372670807
Generación 8 Fitness Promedio 0.3075869988298302251179066035
59974
Lkmer 6 Ciclo 11
59930
Lkmer 7 Ciclo 9
0.4074074074074074074074074074 0.4259259259259259259259259259
Generación 11 Fitness Promedio 0.3295355019438339574039033182
0.3850931677018633540372670807 0.3819875776397515527950310559
Generación 9 Fitness Promedio 0.3109934837688786558406878619
59980
Lkmer 6 Ciclo 12
59960
Lkmer 7 Ciclo 10
0.4259259259259259259259259259 0.4296296296296296296296296296
Generación 12 Fitness Promedio 0.3334719710166670834132096049
0.3850931677018633540372670807 0.3881987577639751552795031056
Generación 10 Fitness Promedio 0.3144916006910757928423313369
59984
Lkmer 6 Ciclo 13
59974
Lkmer 7 Ciclo 11
0.4296296296296296296296296296 0.4407407407407407407407407407
Generación 13 Fitness Promedio 0.3377521811323829976783359727
0.3881987577639751552795031056 0.3975155279503105590062111801
Generación 11 Fitness Promedio 0.3180420775600480260990605827
59986
Lkmer 6 Ciclo 14
59980
Lkmer 7 Ciclo 12
0.4407407407407407407407407407 0.4407407407407407407407407407
Generación 14 Fitness Promedio 0.3422049913861253801078608560
0.3975155279503105590062111801 0.4037267080745341614906832298
Generación 12 Fitness Promedio 0.3216332302200571879796626394
59988
Lkmer 6 Ciclo 15
59984
Lkmer 7 Ciclo 13
0.4407407407407407407407407407 0.4407407407407407407407407407
Generación 15 Fitness Promedio 0.3472430350090057553490482125
0.4037267080745341614906832298 0.4068322981366459627329192547
Generación 13 Fitness Promedio 0.3254667237426464159102620320
59988
Lkmer 6 Ciclo 16
59986
Lkmer 7 Ciclo 14
0.4407407407407407407407407407 0.4592592592592592592592592593
Generación 16 Fitness Promedio 0.3527845610330920994753973874
0.4068322981366459627329192547 0.4130434782608695652173913043
Generación 14 Fitness Promedio 0.3295126488674922529138829029
59988
Lkmer 6 Ciclo 17
59988
Lkmer 7 Ciclo 15
0.4592592592592592592592592593 0.4703703703703703703703703704
Generación 17 Fitness Promedio 0.3588766188366138359887579030
0.4130434782608695652173913043 0.4254658385093167701863354037
Generación 15 Fitness Promedio 0.3339861582076641567773607297
59988
Lkmer 6 Ciclo 18
59988
Lkmer 7 Ciclo 16
0.4703703703703703703703703704 0.4888888888888888888888888889
Generación 18 Fitness Promedio 0.3657734685971548912749897097
0.4254658385093167701863354037 0.4409937888198757763975155280
Generación 16 Fitness Promedio 0.3387229304284153531613807708
59988
Lkmer 6 Ciclo 19
59988
Lkmer 7 Ciclo 17
0.4888888888888888888888888889 0.4851851851851851851851851852
Generación 19 Fitness Promedio 0.3734405998280649278690701763
0.4409937888198757763975155280 0.4409937888198757763975155280
Generación 17 Fitness Promedio 0.3440662484466873058925322009
59988
Lkmer 6 Ciclo 20
59988
Lkmer 7 Ciclo 18
0.4888888888888888888888888889 0.5
Generación 20 Fitness Promedio 0.3820613379141528493530828392
0.4409937888198757763975155280 0.4409937888198757763975155280
Generación 18 Fitness Promedio 0.3498725642982805562910680705
59988
Lkmer 6 Ciclo 21
59988
Lkmer 7 Ciclo 19
0.5 0.5148148148148148148148148148
Generación 21 Fitness Promedio 0.3914564937901188265817178469
0.4409937888198757763975155280 0.4534161490683229813664596273
Generación 19 Fitness Promedio 0.3564444779199884457606887014
59988
Lkmer 6 Ciclo 22
Mutando 55207
59988
Lkmer 7 Ciclo 20
Mutando 29604
0.5148148148148148148148148148 0.5296296296296296296296296296
Generación 22 Fitness Promedio 0.3983956327874317623036213132
0.4534161490683229813664596273 0.4565217391304347826086956522
Generación 20 Fitness Promedio 0.3621934625886206790341544232
59988
Lkmer 6 Ciclo 23
59988
Lkmer 7 Ciclo 21
0.5296296296296296296296296296 0.5296296296296296296296296296
Generación 23 Fitness Promedio 0.4097535031385095976503235179
0.4565217391304347826086956522 0.4627329192546583850931677019
Generación 21 Fitness Promedio 0.3706970876535550380650583157
59988
Lkmer 6 Ciclo 24
59988
Lkmer 7 Ciclo 22
0.5296296296296296296296296296 0.5407407407407407407407407407
Generación 24 Fitness Promedio 0.4211943468242172246839495843
0.4627329192546583850931677019 0.4782608695652173913043478261
Generación 22 Fitness Promedio 0.3795374525335335654016795418
59988
Lkmer 6 Ciclo 25
59988
Lkmer 7 Ciclo 23
0.5407407407407407407407407407 0.5407407407407407407407407407
Generación 25 Fitness Promedio 0.4328204297142081031733903978
0.4782608695652173913043478261 0.5
Generación 23 Fitness Promedio 0.3885700774708639822213805149
59988
Lkmer 6 Ciclo 26
59988
Lkmer 7 Ciclo 24
0.5407407407407407407407407407 0.5629629629629629629629629630
Generación 26 Fitness Promedio 0.4445577610781594612906859789
0.5 0.4937888198757763975155279503
Generación 24 Fitness Promedio 0.3980307838686875196873734059
59988
Lkmer 7 Ciclo 25
59988
Lkmer 6 Ciclo 27
Mutando 22767
0.5 0.4968944099378881987577639752
Generación 25 Fitness Promedio 0.4075110579298602801540673721
0.5629629629629629629629629630 0.5592592592592592592592592593
Generación 27 Fitness Promedio 0.4549244581498613252582498921
59988
Lkmer 7 Ciclo 26
59988
Lkmer 6 Ciclo 28
0.5 0.5093167701863354037267080745
Generación 26 Fitness Promedio 0.4168705353179499404299248233
0.5629629629629629629629629630 0.5851851851851851851851851852
Generación 28 Fitness Promedio 0.4667762482656011013722395354
59988
Lkmer 7 Ciclo 27
59988
Lkmer 6 Ciclo 29
Mutando 29949
0.5093167701863354037267080745 0.5155279503105590062111801242
Generación 27 Fitness Promedio 0.4262734705192186290367045654
0.5851851851851851851851851852 0.5851851851851851851851851852
Generación 29 Fitness Promedio 0.4766293317528888641944441930
59988
Lkmer 6 Ciclo 30
59988
Lkmer 7 Ciclo 28
Mutando 51623
0.5851851851851851851851851852 0.5851851851851851851851851852
Generación 30 Fitness Promedio 0.4882427896079602542910457486
0.5155279503105590062111801242 0.5217391304347826086956521739
Generación 28 Fitness Promedio 0.4329137156637333289849641191
59988
Lkmer 6 Ciclo 31
59988
Lkmer 7 Ciclo 29
0.5851851851851851851851851852 0.5925925925925925925925925926
Generación 31 Fitness Promedio 0.4994658900263767538843590110
0.5217391304347826086956521739 0.5341614906832298136645962733
Generación 29 Fitness Promedio 0.4425725058282388818271024945
59988
Lkmer 6 Ciclo 32
59988
Lkmer 7 Ciclo 30
Mutando 910
0.5925925925925925925925925926 0.5962962962962962962962962963
Generación 32 Fitness Promedio 0.5102548312366206269610860760
0.5341614906832298136645962733 0.5372670807453416149068322981
Generación 30 Fitness Promedio 0.4518915278488486008991293242
59988
Lkmer 6 Ciclo 33
59988
Lkmer 7 Ciclo 31
0.5962962962962962962962962963 0.6111111111111111111111111111
Generación 33 Fitness Promedio 0.5206141199748734023851745108
0.5372670807453416149068322981 0.5559006211180124223602484472
Generación 31 Fitness Promedio 0.4610467612799426015208425937
59988
Lkmer 6 Ciclo 34
59988
Lkmer 7 Ciclo 32
0.6111111111111111111111111111 0.6111111111111111111111111111
Generación 34 Fitness Promedio 0.5305484481856528362341587367
0.5559006211180124223602484472 0.5559006211180124223602484472
Generación 32 Fitness Promedio 0.4700479123037377601806853534
59988
Lkmer 6 Ciclo 35
59988
Lkmer 7 Ciclo 33
Mutando 59196
0.6111111111111111111111111111 0.6222222222222222222222222222
Generación 35 Fitness Promedio 0.5401263120853069596662544793
0.5559006211180124223602484472 0.5559006211180124223602484472
Generación 33 Fitness Promedio 0.4752626428200005331929433092
59988
Lkmer 6 Ciclo 36
Mutando 37127
59988
Lkmer 7 Ciclo 34
0.6222222222222222222222222222 0.6333333333333333333333333333
Generación 36 Fitness Promedio 0.5461327110333236098956813651
0.5559006211180124223602484472 0.5745341614906832298136645963
Generación 34 Fitness Promedio 0.4841913468997289257430471995
59988
Lkmer 6 Ciclo 37
59988
Lkmer 7 Ciclo 35
0.6333333333333333333333333333 0.6333333333333333333333333333
Generación 37 Fitness Promedio 0.5553328425312423312173281536
0.5745341614906832298136645963 0.5745341614906832298136645963
Generación 35 Fitness Promedio 0.4926854728476670349839279085
59988
Lkmer 6 Ciclo 38
59988
Lkmer 7 Ciclo 36
0.6333333333333333333333333333 0.6333333333333333333333333333
Generación 38 Fitness Promedio 0.5638442459628441209472173142
0.5745341614906832298136645963 0.5776397515527950310559006211
Generación 36 Fitness Promedio 0.5009181271882587807948043204
59988
Lkmer 6 Ciclo 39
59988
Lkmer 7 Ciclo 37
0.6333333333333333333333333333 0.6370370370370370370370370370
Generación 39 Fitness Promedio 0.5718711443868755199338190881
0.5776397515527950310559006211 0.5838509316770186335403726708
Generación 37 Fitness Promedio 0.5088338682086813646736897418
59988
Lkmer 6 Ciclo 40
59988
Lkmer 7 Ciclo 38
0.6370370370370370370370370370 0.6444444444444444444444444444
Generación 40 Fitness Promedio 0.5794286940188511218223268163
0.5838509316770186335403726708 0.5838509316770186335403726708
Generación 38 Fitness Promedio 0.5165037710459149008532897704
59988
Lkmer 6 Ciclo 41
59988
Lkmer 7 Ciclo 39
0.6444444444444444444444444444 0.6555555555555555555555555556
Generación 41 Fitness Promedio 0.5865316497895570279618288571
0.5838509316770186335403726708 0.5900621118012422360248447205
Generación 39 Fitness Promedio 0.5240458887588691857703743210
59988
Lkmer 6 Ciclo 42
59988
Lkmer 7 Ciclo 40
0.6555555555555555555555555556 0.6555555555555555555555555556
Generación 42 Fitness Promedio 0.5932699303462315505487571035
0.5900621118012422360248447205 0.5993788819875776397515527950
Generación 40 Fitness Promedio 0.5313652819438868781993191870
59988
Lkmer 6 Ciclo 43
59988
Lkmer 7 Ciclo 41
Mutando 51348
0.6555555555555555555555555556 0.6629629629629629629629629630
Generación 43 Fitness Promedio 0.5997273424610175037311762979
59988
Lkmer 6 Ciclo 44
0.5993788819875776397515527950 0.6024844720496894409937888199
Generación 41 Fitness Promedio 0.5343200767590772863171040653
59988
Lkmer 7 Ciclo 42
0.6629629629629629629629629630 0.6740740740740740740740740741
Generación 44 Fitness Promedio 0.6059112635993079381836307428
59988
Lkmer 6 Ciclo 45
0.6024844720496894409937888199 0.6024844720496894409937888199
Generación 42 Fitness Promedio 0.5417324939944615230112870589
59988
Lkmer 7 Ciclo 43
0.6740740740740740740740740741 0.6851851851851851851851851852
Generación 45 Fitness Promedio 0.6117632605310231680194588164
59988
Lkmer 6 Ciclo 46
0.6024844720496894409937888199 0.6118012422360248447204968944
Generación 43 Fitness Promedio 0.5488188093905112880310863270
59988
Lkmer 7 Ciclo 44
0.6851851851851851851851851852 0.6814814814814814814814814815
Generación 46 Fitness Promedio 0.6173538358961536858774009530
59988
Lkmer 6 Ciclo 47
Mutando 24988
0.6118012422360248447204968944 0.6149068322981366459627329193
Generación 44 Fitness Promedio 0.5556683198236218450701778767
59988
Lkmer 7 Ciclo 45
0.6851851851851851851851851852 0.6814814814814814814814814815
Generación 47 Fitness Promedio 0.6194814475266198398256569179
59988
Lkmer 6 Ciclo 48
0.6149068322981366459627329193 0.6211180124223602484472049689
Generación 45 Fitness Promedio 0.5621125518536607966264929920
59988
Lkmer 7 Ciclo 46
0.6851851851851851851851851852 0.6851851851851851851851851852
Generación 48 Fitness Promedio 0.6253085030690564715651183240
59988
Lkmer 6 Ciclo 49
0.6211180124223602484472049689 0.6242236024844720496894409938
Generación 46 Fitness Promedio 0.5683403748449922699964820245
59988
Lkmer 7 Ciclo 47
0.6851851851851851851851851852 0.6925925925925925925925925926
Generación 49 Fitness Promedio 0.6305423671786133760547228258
59988
Lkmer 6 Ciclo 50
0.6242236024844720496894409938 0.6273291925465838509316770186
Generación 47 Fitness Promedio 0.5743811402926400996811967429
59988
Lkmer 7 Ciclo 48
0.6925925925925925925925925926 0.6925925925925925925925925926
Generación 50 Fitness Promedio 0.6355167235410599164401721539
59988
Lkmer 6 Ciclo 51
0.6273291925465838509316770186 0.6304347826086956521739130435
Generación 48 Fitness Promedio 0.5800975639553287846280987171
59988
Lkmer 7 Ciclo 49
0.6925925925925925925925925926 0.7
Generación 51 Fitness Promedio 0.6402968889629722233797740680
59988
Lkmer 6 Ciclo 52
0.6304347826086956521739130435 0.6304347826086956521739130435
Generación 49 Fitness Promedio 0.5856498107812130760651494313
59988
Lkmer 7 Ciclo 50
0.7 0.7074074074074074074074074074
Generación 52 Fitness Promedio 0.6447836535122445861288214007
59988
Lkmer 6 Ciclo 53
0.6304347826086956521739130435 0.6428571428571428571428571429
Generación 50 Fitness Promedio 0.5910208755390490063845966579
59988
Lkmer 7 Ciclo 51
0.7074074074074074074074074074 0.7074074074074074074074074074
Generación 53 Fitness Promedio 0.6491528416360687061191289914
59988
Lkmer 6 Ciclo 54
0.6428571428571428571428571429 0.6428571428571428571428571429
Generación 51 Fitness Promedio 0.5960139945029360554127230756
59988
Lkmer 7 Ciclo 52
0.7074074074074074074074074074 0.7074074074074074074074074074
Generación 54 Fitness Promedio 0.6533588612156766509393923061
59988
Lkmer 6 Ciclo 55
0.6428571428571428571428571429 0.6490683229813664596273291925
Generación 52 Fitness Promedio 0.6007862266427195739011883461
59988
Lkmer 7 Ciclo 53
Mutando 40215
0.7074074074074074074074074074 0.7074074074074074074074074074
Generación 55 Fitness Promedio 0.6573579722156627603141754903
59988
Lkmer 6 Ciclo 56
0.6490683229813664596273291925 0.6552795031055900621118012422
Generación 53 Fitness Promedio 0.5997018778486027109496340956
59988
Lkmer 7 Ciclo 54
0.7074074074074074074074074074 0.7111111111111111111111111111
Generación 56 Fitness Promedio 0.6612324380053679549449858166
59988
Lkmer 6 Ciclo 57
Mutando 36369
0.6552795031055900621118012422 0.6552795031055900621118012422
Generación 54 Fitness Promedio 0.6052560917940829560216759178
59988
Lkmer 7 Ciclo 55
0.7111111111111111111111111111 0.7074074074074074074074074074
Generación 57 Fitness Promedio 0.6574637879117605750101480804
59988
Lkmer 6 Ciclo 58
Mutando 5723
0.6552795031055900621118012422 0.6552795031055900621118012422
Generación 55 Fitness Promedio 0.6099524086473542112018653316
59988
Lkmer 7 Ciclo 56
0.7111111111111111111111111111 0.7111111111111111111111111111
Generación 58 Fitness Promedio 0.6622414530211338145663272247
0.6552795031055900621118012422 0.6552795031055900621118012422
Generación 56 Fitness Promedio 0.6141885230477826291433419644
59988
Lkmer 6 Ciclo 59
Mutando 47551
59988
Lkmer 7 Ciclo 57
0.7111111111111111111111111111 0.7111111111111111111111111111
Generación 59 Fitness Promedio 0.6574865685371165222813346923
0.6552795031055900621118012422 0.6552795031055900621118012422
Generación 57 Fitness Promedio 0.6180317311920718868326441609
59988
Lkmer 6 Ciclo 60
59988
Lkmer 7 Ciclo 58
0.7111111111111111111111111111 0.7111111111111111111111111111
Generación 60 Fitness Promedio 0.6643952407631200813681959367
0.6552795031055900621118012422 0.6552795031055900621118012422
Generación 58 Fitness Promedio 0.6215088221431405633778748049
59988
Lkmer 6 Ciclo 61
Mutando 31197
59988
Lkmer 7 Ciclo 59
Mutando 35717
0.7111111111111111111111111111 0.7111111111111111111111111111
Generación 61 Fitness Promedio 0.6627963063284145086036990958
0.6552795031055900621118012422 0.6552795031055900621118012422
Generación 59 Fitness Promedio 0.6184047333038783056991847417
59988
Lkmer 6 Ciclo 62
59988
Lkmer 7 Ciclo 60
0.7111111111111111111111111111 0.7111111111111111111111111111
Generación 62 Fitness Promedio 0.6696678134149484734974589932
0.6552795031055900621118012422 0.6552795031055900621118012422
Generación 60 Fitness Promedio 0.6233830729876431241275753569
59988
Lkmer 6 Ciclo 63
59988
Lkmer 7 Ciclo 61
0.7111111111111111111111111111 0.7111111111111111111111111111
Generación 63 Fitness Promedio 0.6755193473258231352993200316
0.6552795031055900621118012422 0.6583850931677018633540372671
Generación 61 Fitness Promedio 0.6269430676764202150527611362
59988
Lkmer 6 Ciclo 64
59988
Lkmer 7 Ciclo 62
0.7111111111111111111111111111 0.7111111111111111111111111111
Generación 64 Fitness Promedio 0.6813941248828943124063350312
0.6583850931677018633540372671 0.6583850931677018633540372671
Generación 62 Fitness Promedio 0.6296632834797931521978548796
59988
Lkmer 6 Ciclo 65
59988
Lkmer 7 Ciclo 63
0.7111111111111111111111111111 0.7111111111111111111111111111
Generación 65 Fitness Promedio 0.6872398864672898927180716191
0.6583850931677018633540372671 0.6583850931677018633540372671
Generación 63 Fitness Promedio 0.6318603748864053141218223482
59988
Lkmer 6 Ciclo 66
Mutando 39571
59988
Lkmer 7 Ciclo 64
0.6583850931677018633540372671 0.6583850931677018633540372671
Generación 64 Fitness Promedio 0.6337357387064687433755312858
0.7111111111111111111111111111 0.7111111111111111111111111111
Generación 66 Fitness Promedio 0.6789548384906137958602853733
59988
Lkmer 6 Ciclo 67
59988
Lkmer 7 Ciclo 65
Mutando 54645
0.7111111111111111111111111111 0.7111111111111111111111111111
Generación 67 Fitness Promedio 0.6888743500344950526223189039
0.6583850931677018633540372671 0.6583850931677018633540372671
Generación 65 Fitness Promedio 0.6246054825176128382507440574
59988
Lkmer 6 Ciclo 68
59988
Lkmer 7 Ciclo 66
0.7111111111111111111111111111 0.7111111111111111111111111111
Generación 68 Fitness Promedio 0.6953787124625146044490131382
0.6583850931677018633540372671 0.6583850931677018633540372671
Generación 66 Fitness Promedio 0.6307590208610444835625161198
59988
Lkmer 6 Ciclo 69
Mutando 55887
59988
Lkmer 7 Ciclo 67
Mutando 18592
0.7111111111111111111111111111 0.7111111111111111111111111111
Generación 69 Fitness Promedio 0.6808176022002750343792976580
0.6583850931677018633540372671 0.6583850931677018633540372671
Generación 67 Fitness Promedio 0.6306310545546971839388830681
59988
Lkmer 7 Ciclo 68
59988
Lkmer 6 Ciclo 70
Mutando 46710
0.6583850931677018633540372671 0.6583850931677018633540372671
Generación 68 Fitness Promedio 0.6348592487104366306657906337
0.7111111111111111111111111111 0.7111111111111111111111111111
Generación 70 Fitness Promedio 0.6778735613556632850711279847
59988
Lkmer 7 Ciclo 69
59988
Lkmer 6 Ciclo 71
Mutando 6829
0.6583850931677018633540372671 0.6583850931677018633540372671
Generación 69 Fitness Promedio 0.6377591453590083853649419430
0.7111111111111111111111111111 0.7111111111111111111111111111
Generación 71 Fitness Promedio 0.6869508997266633637846708906
59988
Lkmer 7 Ciclo 70
59988
Lkmer 6 Ciclo 72
0.6583850931677018633540372671 0.6583850931677018633540372671
Generación 70 Fitness Promedio 0.6402686981835462352048674994
0.7111111111111111111111111111 0.7111111111111111111111111111
Generación 72 Fitness Promedio 0.6956213662510282921167616278
59988
Lkmer 7 Ciclo 71
59988
Lkmer 6 Ciclo 73
0.6583850931677018633540372671 0.6583850931677018633540372671
Generación 71 Fitness Promedio 0.6431115742469879128265783592
0.7111111111111111111111111111 0.7111111111111111111111111111
Generación 73 Fitness Promedio 0.7009628364039332077003451287
59988
Lkmer 7 Ciclo 72
59988
Lkmer 6 Ciclo 74
0.6583850931677018633540372671 0.6583850931677018633540372671
Generación 72 Fitness Promedio 0.6464858573160154336062203331
0.7111111111111111111111111111 0.7111111111111111111111111111
Generación 74 Fitness Promedio 0.7042716450667444541678818362
59988
Lkmer 7 Ciclo 73
59988
Lkmer 6 Ciclo 75
0.6583850931677018633540372671 0.6614906832298136645962732919
Generación 73 Fitness Promedio 0.6500512874668339753649341769
0.7111111111111111111111111111 0.7111111111111111111111111111
Generación 75 Fitness Promedio 0.7065746181235617415139855299
59988
Lkmer 7 Ciclo 74
59988
Lkmer 6 Ciclo 76
0.6614906832298136645962732919 0.6583850931677018633540372671
Generación 74 Fitness Promedio 0.6530111812630823159313146965
0.7111111111111111111111111111 0.7111111111111111111111111111
Generación 76 Fitness Promedio 0.7082514326636508575917671885
59988
Lkmer 7 Ciclo 75
59988
Lkmer 6 Ciclo 77
0.6614906832298136645962732919 0.6583850931677018633540372671
Generación 75 Fitness Promedio 0.6549736677747244285452878431
0.7111111111111111111111111111 0.7111111111111111111111111111
Generación 77 Fitness Promedio 0.7095127014333581821184439008
59988
Lkmer 7 Ciclo 76
59988
Lkmer 6 Ciclo 78
0.6614906832298136645962732919 0.6583850931677018633540372671
Generación 76 Fitness Promedio 0.6563229824017857304626858559
0.7111111111111111111111111111 0.7111111111111111111111111111
Generación 78 Fitness Promedio 0.7104478183229693835186183757
59988
Lkmer 7 Ciclo 77
59988
Lkmer 6 Ciclo 79
0.6614906832298136645962732919 0.6614906832298136645962732919
Generación 77 Fitness Promedio 0.6573134530015009640180193408
0.7111111111111111111111111111 0.7111111111111111111111111111
Generación 79 Fitness Promedio 0.7109209947539738763641743312
59988
Lkmer 7 Ciclo 78
59988
Lkmer 6 Ciclo 80
0.6614906832298136645962732919 0.6614906832298136645962732919
Generación 78 Fitness Promedio 0.6579115608912811824045313559
0.7111111111111111111111111111 0.7111111111111111111111111111
Generación 80 Fitness Promedio 0.7110294342348349099192945549
59988
Lkmer 7 Ciclo 79
59988
Lkmer 6 Ciclo 81
0.6614906832298136645962732919 0.6614906832298136645962732919
Generación 79 Fitness Promedio 0.6581437586530614463453916652
0.7111111111111111111111111111 0.7111111111111111111111111111
Generación 81 Fitness Promedio 0.7110365956238356955113207123
59988
Lkmer 7 Ciclo 80
59988
Lkmer 6 Ciclo 82
0.6614906832298136645962732919 0.6614906832298136645962732919
Generación 80 Fitness Promedio 0.6582049981920617924031416874
0.7111111111111111111111111111 0.7111111111111111111111111111
Generación 82 Fitness Promedio 0.7110412258322413758509927967
59988
Lkmer 7 Ciclo 81
59988
Lkmer 6 Ciclo 83
0.6614906832298136645962732919 0.6614906832298136645962732919
Generación 81 Fitness Promedio 0.6582318649044381065231520397
0.7111111111111111111111111111 0.7111111111111111111111111111
Generación 83 Fitness Promedio 0.7110480785406817827537074811
59988
Lkmer 7 Ciclo 82
59988
Lkmer 6 Ciclo 84
0.6614906832298136645962732919 0.6614906832298136645962732919
Generación 82 Fitness Promedio 0.6582437711546241416823088470
0.7111111111111111111111111111 0.7111111111111111111111111111
Generación 84 Fitness Promedio 0.7110483872212421614430189534
59988
Lkmer 7 Ciclo 83
Mutando 44460
59988
Lkmer 6 Ciclo 85
0.6614906832298136645962732919 0.6614906832298136645962732919
Generación 83 Fitness Promedio 0.6446414756295882741036221034
0.7111111111111111111111111111 0.7111111111111111111111111111
Generación 85 Fitness Promedio 0.7110504245129406607924746702
59988
Lkmer 7 Ciclo 84
59988
Lkmer 6 Ciclo 86
0.6614906832298136645962732919 0.6614906832298136645962732919
Generación 84 Fitness Promedio 0.6534675788924961375865582419
0.7111111111111111111111111111 0.7111111111111111111111111111
Generación 86 Fitness Promedio 0.7110567215963723860544287043
59988
Lkmer 7 Ciclo 85
59988
Lkmer 6 Ciclo 87
0.6614906832298136645962732919 0.6614906832298136645962732919
Generación 85 Fitness Promedio 0.6574973010342648938777824251
0.7111111111111111111111111111 0.7111111111111111111111111111
Generación 87 Fitness Promedio 0.7110607035756012711465466970
59988
Lkmer 7 Ciclo 86
59988
Lkmer 6 Ciclo 88
Mutando 8159
0.6614906832298136645962732919 0.6614906832298136645962732919
Generación 86 Fitness Promedio 0.6582480677579521456745262924
0.7111111111111111111111111111 0.7111111111111111111111111111
Generación 88 Fitness Promedio 0.7088921917708849408645207719
59988
Lkmer 7 Ciclo 87
59988
Lkmer 6 Ciclo 89
0.6614906832298136645962732919 0.6614906832298136645962732919
Generación 87 Fitness Promedio 0.6583022929626037623232947838
0.7111111111111111111111111111 0.7111111111111111111111111111
Generación 89 Fitness Promedio 0.7108990784341869894230596760
59988
Lkmer 7 Ciclo 88
59988
Lkmer 6 Ciclo 90
0.6614906832298136645962732919 0.6614906832298136645962732919
Generación 88 Fitness Promedio 0.6583121026774309521609478892
0.7111111111111111111111111111 0.7111111111111111111111111111
Generación 90 Fitness Promedio 0.7110644077423258154182843630
59988
Lkmer 7 Ciclo 89
59988
Lkmer 6 Ciclo 91
0.6614906832298136645962732919 0.6614906832298136645962732919
Generación 89 Fitness Promedio 0.6583152345388929309745521769
0.7111111111111111111111111111 0.7111111111111111111111111111
Generación 91 Fitness Promedio 0.7110713221868782980588613428
59988
Lkmer 7 Ciclo 90
Mutando 39495
59988
Lkmer 6 Ciclo 92
0.6614906832298136645962732919 0.6614906832298136645962732919
Generación 90 Fitness Promedio 0.6460674302714340327737665493
0.7111111111111111111111111111 0.7111111111111111111111111111
Generación 92 Fitness Promedio 0.7110724025688396234714514959
59988
Lkmer 7 Ciclo 91
59988
Lkmer 6 Ciclo 93
0.6614906832298136645962732919 0.6614906832298136645962732919
Generación 91 Fitness Promedio 0.6543940922221902996673774593
0.7111111111111111111111111111 0.7111111111111111111111111111
Generación 93 Fitness Promedio 0.7110724334368956613403826433
59988
Lkmer 6 Ciclo 94
59988
Lkmer 7 Ciclo 92
Mutando 34198
0.7111111111111111111111111111 0.7111111111111111111111111111
Generación 94 Fitness Promedio 0.7110741620480337820005268880
0.6614906832298136645962732919 0.6614906832298136645962732919
Generación 92 Fitness Promedio 0.6456598482677829552710662795
59988
Lkmer 6 Ciclo 95
59988
Lkmer 7 Ciclo 93
0.7111111111111111111111111111 0.7111111111111111111111111111
Generación 95 Fitness Promedio 0.7110754276383313346267039241
0.6614906832298136645962732919 0.6614906832298136645962732919
Generación 93 Fitness Promedio 0.6541535859684323894524100696
59988
Lkmer 6 Ciclo 96
59988
Lkmer 7 Ciclo 94
0.7111111111111111111111111111 0.7111111111111111111111111111
Generación 96 Fitness Promedio 0.7110796565620085226702710941
0.6614906832298136645962732919 0.6614906832298136645962732919
Generación 94 Fitness Promedio 0.6577446404403034851406137235
59988
Lkmer 6 Ciclo 97
59988
Lkmer 7 Ciclo 95
0.6614906832298136645962732919 0.6614906832298136645962732919
Generación 95 Fitness Promedio 0.6583146651095362075538968476
0.7111111111111111111111111111 0.7111111111111111111111111111
Generación 97 Fitness Promedio 0.7110815703814828705440022223
59988
Lkmer 6 Ciclo 98
59988
Lkmer 7 Ciclo 96
0.7111111111111111111111111111 0.7111111111111111111111111111
Generación 98 Fitness Promedio 0.7110827742356683474323169642
0.6614906832298136645962732919 0.6614906832298136645962732919
Generación 96 Fitness Promedio 0.6583433436425930052850832347
59988
Lkmer 6 Ciclo 99
59988
Lkmer 7 Ciclo 97
Mutando 25524
0.7111111111111111111111111111 0.7111111111111111111111111111
Generación 99 Fitness Promedio 0.7110854597565436420293267730
0.6614906832298136645962732919 0.6614906832298136645962732919
Generación 97 Fitness Promedio 0.6500669726572964477702584581
59988
Lkmer 6 Ciclo 100
59988
Lkmer 7 Ciclo 98
0.7111111111111111111111111111 0.7111111111111111111111111111
Generación 100 Fitness Promedio 0.7110840398259659000584940006
0.6614906832298136645962732919 0.6614906832298136645962732919
Generación 98 Fitness Promedio 0.6564394824715408266613057599
59988
Lkmer 6 Ciclo 101
59988
Lkmer 7 Ciclo 99
Mutando 25859
0.7111111111111111111111111111 0.7111111111111111111111111111
Generación 101 Fitness Promedio 0.7110862005898885508836743063
0.6614906832298136645962732919 0.6614906832298136645962732919
Generación 99 Fitness Promedio 0.6491358003601381849749866065
59988
Lkmer 6 Ciclo 102
59988
Lkmer 7 Ciclo 100
0.7111111111111111111111111111 0.7111111111111111111111111111
Generación 102 Fitness Promedio 0.7110864475343368538351234842
0.6614906832298136645962732919 0.6614906832298136645962732919
Generación 100 Fitness Promedio 0.6560142481578313231182903660
59988
Lkmer 6 Ciclo 103
59988
Lkmer 7 Ciclo 101
0.7111111111111111111111111111 0.7111111111111111111111111111
Generación 103 Fitness Promedio 0.7110879292010266715438185511
0.6614906832298136645962732919 0.6614906832298136645962732919
Generación 101 Fitness Promedio 0.6581689947268253252153436295
59988
Lkmer 6 Ciclo 104
59988
Lkmer 7 Ciclo 102
0.7111111111111111111111111111 0.7111111111111111111111111111
Generación 104 Fitness Promedio 0.7110910468746864963058644211
0.6614906832298136645962732919 0.6614906832298136645962732919
Generación 102 Fitness Promedio 0.6583530498248098817735262688
59988
Lkmer 6 Ciclo 105
59988
Lkmer 7 Ciclo 103
0.7111111111111111111111111111 0.7111111111111111111111111111
Generación 105 Fitness Promedio 0.7110895034718846028593070597
0.6614906832298136645962732919 0.6614906832298136645962732919
Generación 103 Fitness Promedio 0.6583473296480900692296704778
59988
Lkmer 6 Ciclo 106
59988
Lkmer 7 Ciclo 104
0.7111111111111111111111111111 0.7111111111111111111111111111
Generación 106 Fitness Promedio 0.7110923742010961246699037518
0.6614906832298136645962732919 0.6614906832298136645962732919
Generación 104 Fitness Promedio 0.6583552240096264621069374540
59988
Lkmer 6 Ciclo 107
59988
Lkmer 7 Ciclo 105
0.7111111111111111111111111111 0.7111111111111111111111111111
Generación 107 Fitness Promedio 0.7110951831941955707426381494
0.6614906832298136645962732919 0.6614906832298136645962732919
Generación 105 Fitness Promedio 0.6583601935749215028690202481
59988
Lkmer 7 Ciclo 106
59988
Lkmer 6 Ciclo 108
Mutando 55462
0.6614906832298136645962732919 0.6614906832298136645962732919
Generación 106 Fitness Promedio 0.6583565440504079573093655980
0.7111111111111111111111111111 0.7111111111111111111111111111
Generación 108 Fitness Promedio 0.6976517126369191210629718204
59988
Lkmer 6 Ciclo 109
59988
Lkmer 7 Ciclo 107
Mutando 55694
0.7111111111111111111111111111 0.7111111111111111111111111111
Generación 109 Fitness Promedio 0.7062001268677103156413063306
0.6614906832298136645962732919 0.6614906832298136645962732919
Generación 107 Fitness Promedio 0.6410647345410929989437092107
59988
Lkmer 6 Ciclo 110
59988
Lkmer 7 Ciclo 108
0.7111111111111111111111111111 0.7111111111111111111111111111
Generación 110 Fitness Promedio 0.7101133938038551115185685939
0.6614906832298136645962732919 0.6614906832298136645962732919
Generación 108 Fitness Promedio 0.6510134936639336645859214667
59988
Lkmer 6 Ciclo 111
59988
Lkmer 7 Ciclo 109
0.7111111111111111111111111111 0.7111111111111111111111111111
Generación 111 Fitness Promedio 0.7110214394083211018661273738
0.6614906832298136645962732919 0.6614906832298136645962732919
Generación 109 Fitness Promedio 0.6566141419851394467786753344
59988
Lkmer 6 Ciclo 112
Mutando 20171
59988
Lkmer 7 Ciclo 110
0.6614906832298136645962732919 0.6614906832298136645962732919
Generación 110 Fitness Promedio 0.6581573473081650734292117283
0.7111111111111111111111111111 0.7111111111111111111111111111
Generación 112 Fitness Promedio 0.7057152823115235083397762161
59988
Lkmer 6 Ciclo 113
59988
Lkmer 7 Ciclo 111
Mutando 2712
0.7111111111111111111111111111 0.7111111111111111111111111111
Generación 113 Fitness Promedio 0.7101878166869624135115645769
0.6614906832298136645962732919 0.6614906832298136645962732919
Generación 111 Fitness Promedio 0.6573134271183483856807171266
59988
Lkmer 6 Ciclo 114
59988
Lkmer 7 Ciclo 112
0.6614906832298136645962732919 0.6614906832298136645962732919
Generación 112 Fitness Promedio 0.6583121026774309521609474340
0.7111111111111111111111111111 0.7111111111111111111111111111
Generación 114 Fitness Promedio 0.7110487576379146158701926841
59988
Lkmer 6 Ciclo 115
59988
Lkmer 7 Ciclo 113
0.6614906832298136645962732919 0.6614906832298136645962732919
Generación 113 Fitness Promedio 0.6584180941872392434147451441
0.7111111111111111111111111111 0.7111111111111111111111111111
Generación 115 Fitness Promedio 0.7110944114927946240193594685
59988
Lkmer 7 Ciclo 114
59988
Lkmer 6 Ciclo 116
0.6614906832298136645962732919 0.6614906832298136645962732919
Generación 114 Fitness Promedio 0.6585776638228846928847483316
59988
Lkmer 7 Ciclo 115
0.7111111111111111111111111111 0.7111111111111111111111111111
Generación 116 Fitness Promedio 0.7110948127775231163154643827
59988
Lkmer 6 Ciclo 117
0.6614906832298136645962732919 0.6614906832298136645962732919
Generación 115 Fitness Promedio 0.6588389283650104296163320831
59988
Lkmer 7 Ciclo 116
Mutando 14138
0.7111111111111111111111111111 0.7111111111111111111111111111
Generación 117 Fitness Promedio 0.7110958314233723659901922412
59988
Lkmer 6 Ciclo 118
0.6614906832298136645962732919 0.6614906832298136645962732919
Generación 116 Fitness Promedio 0.6534338272615339857440771486
59988
Lkmer 7 Ciclo 117
0.7111111111111111111111111111 0.7111111111111111111111111111
Generación 118 Fitness Promedio 0.7110964796525491612377463330
30000
30000
Lkmer 8 Ciclo 0
30000
30000
Lkmer 9 Ciclo 0
59988
Lkmer 6 Ciclo 119
0 0.3404255319148936170212765957
Generación 0 Fitness Promedio 0.2665007568810213295525924651
0.6614906832298136645962732919 0.6614906832298136645962732919
Generación 117 Fitness Promedio 0.6584559094731561942137171126
0 0.3240740740740740740740740741
Generación 0 Fitness Promedio 0.2609755716137039958945130377
44994
Lkmer 8 Ciclo 1
44994
Lkmer 9 Ciclo 1
59988
Lkmer 7 Ciclo 118
0.7111111111111111111111111111 0.7111111111111111111111111111
Generación 119 Fitness Promedio 0.7110990725692563422279627000
0.3404255319148936170212765957 0.3404255319148936170212765957
Generación 1 Fitness Promedio 0.2730671240918927802727566914
0.3240740740740740740740740741 0.3240740740740740740740740741
Generación 1 Fitness Promedio 0.2670204624241160706191037794
59988
Lkmer 6 Ciclo 120
52492
Lkmer 8 Ciclo 2
52492
Lkmer 9 Ciclo 2
0.6614906832298136645962732919 0.6614906832298136645962732919
Generación 118 Fitness Promedio 0.6602586451670848089965681111
59988
Lkmer 7 Ciclo 119
0.3404255319148936170212765957 0.3404255319148936170212765957
Generación 2 Fitness Promedio 0.2782269207220828968052287788
0.3240740740740740740740740741 0.3310185185185185185185185185
Generación 2 Fitness Promedio 0.2717878093759291031913239856
0.7111111111111111111111111111 0.7111111111111111111111111111
Generación 120 Fitness Promedio 0.7110981773956312440289594303
56240
Lkmer 9 Ciclo 3
56240
Lkmer 8 Ciclo 3
Mutando 36896
0.6614906832298136645962732919 0.6614906832298136645962732919
Generación 119 Fitness Promedio 0.6611331074769439347620290860
59988
Lkmer 6 Ciclo 121
Mutando 58652
59988
Lkmer 7 Ciclo 120
0.3404255319148936170212765957 0.3457446808510638297872340426
Generación 3 Fitness Promedio 0.2811938109207911422352604975
0.3310185185185185185185185185 0.3333333333333333333333333333
Generación 3 Fitness Promedio 0.2758009736811667350136165225
58114
Lkmer 8 Ciclo 4
58114
Lkmer 9 Ciclo 4
0.7111111111111111111111111111 0.7111111111111111111111111111
Generación 121 Fitness Promedio 0.6968110519987837985921074014
0.6614906832298136645962732919 0.6614906832298136645962732919
Generación 120 Fitness Promedio 0.6614603222918392749404205810
59988
Lkmer 6 Ciclo 122
